android/app/build/intermediates/manifest_merge_blame_file/debug/manifest-merger-blame-debug-report.txt
1<?xml version="1.0" encoding="utf-8"?>
2<manifest xmlns:android="http://schemas.android.com/apk/res/android"
3    package="com.cab2u.customer"
4    android:versionCode="1"
5    android:versionName="1.0" >
6
7    <uses-sdk
8        android:minSdkVersion="21"
9        android:targetSdkVersion="33" />
10
11    <uses-permission android:name="android.permission.SYSTEM_ALERT_WINDOW" />
11-->src\main\AndroidManifest.xml:7:5-77
11-->src\main\AndroidManifest.xml:7:22-75
12    <uses-permission android:name="android.permission.INTERNET" />
12-->src\main\AndroidManifest.xml:4:5-67
12-->src\main\AndroidManifest.xml:4:22-64
13    <uses-permission android:name="android.permission.RECEIVE_BOOT_COMPLETED" />
13-->src\main\AndroidManifest.xml:5:5-80
13-->src\main\AndroidManifest.xml:5:22-78
14    <uses-permission android:name="android.permission.ACCESS_FINE_LOCATION" />
14-->src\main\AndroidManifest.xml:6:5-79
14-->src\main\AndroidManifest.xml:6:22-76
15    <uses-permission android:name="android.permission.CAMERA" />
15-->src\main\AndroidManifest.xml:8:5-65
15-->src\main\AndroidManifest.xml:8:22-62
16    <uses-permission android:name="android.permission.VIBRATE" />
16-->src\main\AndroidManifest.xml:9:5-66
16-->src\main\AndroidManifest.xml:9:22-63
17    <uses-permission android:name="android.permission.READ_EXTERNAL_STORAGE" />
17-->src\main\AndroidManifest.xml:10:5-80
17-->src\main\AndroidManifest.xml:10:22-77
18    <uses-permission android:name="android.permission.WRITE_EXTERNAL_STORAGE" />
18-->src\main\AndroidManifest.xml:11:5-81
18-->src\main\AndroidManifest.xml:11:22-78
19    <uses-permission android:name="android.permission.WAKE_LOCK" />
19-->src\main\AndroidManifest.xml:12:5-67
19-->src\main\AndroidManifest.xml:12:22-65
20    <uses-permission android:name="android.permission.FOREGROUND_SERVICE" />
20-->src\main\AndroidManifest.xml:13:5-76
20-->src\main\AndroidManifest.xml:13:22-74
21    <uses-permission android:name="android.permission.ACCESS_NETWORK_STATE" />
21-->src\main\AndroidManifest.xml:14:5-78
21-->src\main\AndroidManifest.xml:14:22-76
22    <uses-permission android:name="android.permission.ACCESS_WIFI_STATE" /> <!-- Required to access Google Play Licensing -->
22-->[com.facebook.flipper:flipper:0.125.0] AndroidManifest.xml:16:5-76
22-->[com.facebook.flipper:flipper:0.125.0] AndroidManifest.xml:16:22-73
23    <uses-permission android:name="com.android.vending.CHECK_LICENSE" /> <!-- See https://developer.android.com/training/package-visibility/declaring for more details. -->
23-->[:rn-fetch-blob] AndroidManifest.xml:8:5-73
23-->[:rn-fetch-blob] AndroidManifest.xml:8:22-70
24    <queries>
24-->[com.stripe:financial-connections:20.25.8] AndroidManifest.xml:10:5-18:15
25
26        <!-- Added to check the default browser that will host the AuthFlow. -->
27        <intent>
27-->[com.stripe:financial-connections:20.25.8] AndroidManifest.xml:13:9-17:18
28            <action android:name="android.intent.action.VIEW" />
28-->[com.stripe:link:20.25.8] AndroidManifest.xml:21:17-69
28-->[com.stripe:link:20.25.8] AndroidManifest.xml:21:25-66
29
30            <data android:scheme="http" />
30-->[com.stripe:link:20.25.8] AndroidManifest.xml:26:17-29:51
30-->[com.stripe:link:20.25.8] AndroidManifest.xml:29:21-48
31        </intent>
32        <!-- Added to check if Chrome is installed for browser-based payment authentication (e.g. 3DS1). -->
33        <package android:name="com.android.chrome" />
33-->[com.stripe:payments-core:20.25.8] AndroidManifest.xml:11:9-54
33-->[com.stripe:payments-core:20.25.8] AndroidManifest.xml:11:18-51
34
35        <intent>
35-->[com.razorpay:checkout:1.6.38] AndroidManifest.xml:11:9-17:18
36            <action android:name="android.intent.action.VIEW" />
36-->[com.stripe:link:20.25.8] AndroidManifest.xml:21:17-69
36-->[com.stripe:link:20.25.8] AndroidManifest.xml:21:25-66
37
38            <data
38-->[com.stripe:link:20.25.8] AndroidManifest.xml:26:17-29:51
39                android:mimeType="*/*"
40                android:scheme="*" />
40-->[com.stripe:link:20.25.8] AndroidManifest.xml:29:21-48
41        </intent>
42        <intent>
42-->[com.razorpay:checkout:1.6.38] AndroidManifest.xml:18:9-27:18
43            <action android:name="android.intent.action.VIEW" />
43-->[com.stripe:link:20.25.8] AndroidManifest.xml:21:17-69
43-->[com.stripe:link:20.25.8] AndroidManifest.xml:21:25-66
44
45            <category android:name="android.intent.category.BROWSABLE" />
45-->[com.stripe:link:20.25.8] AndroidManifest.xml:24:17-78
45-->[com.stripe:link:20.25.8] AndroidManifest.xml:24:27-75
46
47            <data
47-->[com.stripe:link:20.25.8] AndroidManifest.xml:26:17-29:51
48                android:host="pay"
48-->[com.stripe:link:20.25.8] AndroidManifest.xml:27:21-44
49                android:mimeType="*/*"
50                android:scheme="upi" />
50-->[com.stripe:link:20.25.8] AndroidManifest.xml:29:21-48
51        </intent>
52        <intent>
52-->[com.razorpay:checkout:1.6.38] AndroidManifest.xml:28:9-30:18
53            <action android:name="android.intent.action.MAIN" />
53-->src\main\AndroidManifest.xml:51:13-65
53-->src\main\AndroidManifest.xml:51:21-62
54        </intent>
55        <intent>
55-->[com.razorpay:checkout:1.6.38] AndroidManifest.xml:31:9-35:18
56            <action android:name="android.intent.action.SEND" />
56-->[com.razorpay:checkout:1.6.38] AndroidManifest.xml:32:13-65
56-->[com.razorpay:checkout:1.6.38] AndroidManifest.xml:32:21-62
57
58            <data android:mimeType="*/*" />
58-->[com.stripe:link:20.25.8] AndroidManifest.xml:26:17-29:51
59        </intent>
60        <intent>
60-->[com.razorpay:checkout:1.6.38] AndroidManifest.xml:36:9-38:18
61            <action android:name="rzp.device_token.share" />
61-->[com.razorpay:checkout:1.6.38] AndroidManifest.xml:37:13-61
61-->[com.razorpay:checkout:1.6.38] AndroidManifest.xml:37:21-58
62        </intent> <!-- Needs to be explicitly declared on Android R+ -->
63        <package android:name="com.google.android.apps.maps" />
63-->[com.google.android.gms:play-services-maps:18.2.0] AndroidManifest.xml:33:9-64
63-->[com.google.android.gms:play-services-maps:18.2.0] AndroidManifest.xml:33:18-61
64    </queries>
65
66    <uses-feature
66-->[com.google.android.gms:play-services-maps:18.2.0] AndroidManifest.xml:26:5-28:35
67        android:glEsVersion="0x00020000"
67-->[com.google.android.gms:play-services-maps:18.2.0] AndroidManifest.xml:27:9-41
68        android:required="true" />
68-->[com.google.android.gms:play-services-maps:18.2.0] AndroidManifest.xml:28:9-32
69
70    <uses-permission android:name="android.permission.POST_NOTIFICATIONS" /> <!-- Required by older versions of Google Play services to create IID tokens -->
70-->[com.google.firebase:firebase-messaging:23.1.1] AndroidManifest.xml:25:5-77
70-->[com.google.firebase:firebase-messaging:23.1.1] AndroidManifest.xml:25:22-74
71    <uses-permission android:name="com.google.android.c2dm.permission.RECEIVE" />
71-->[com.google.firebase:firebase-messaging:23.1.1] AndroidManifest.xml:28:5-82
71-->[com.google.firebase:firebase-messaging:23.1.1] AndroidManifest.xml:28:22-79
72    <uses-permission android:name="com.google.android.gms.permission.AD_ID" />
72-->[com.google.android.gms:play-services-measurement-api:21.2.0] AndroidManifest.xml:25:5-79
72-->[com.google.android.gms:play-services-measurement-api:21.2.0] AndroidManifest.xml:25:22-76
73    <uses-permission android:name="com.google.android.finsky.permission.BIND_GET_INSTALL_REFERRER_SERVICE" />
73-->[com.google.android.gms:play-services-measurement:21.2.0] AndroidManifest.xml:26:5-110
73-->[com.google.android.gms:play-services-measurement:21.2.0] AndroidManifest.xml:26:22-107
74
75    <permission
75-->[androidx.core:core:1.9.0] AndroidManifest.xml:22:5-24:47
76        android:name="com.cab2u.customer.DYNAMIC_RECEIVER_NOT_EXPORTED_PERMISSION"
76-->[androidx.core:core:1.9.0] AndroidManifest.xml:23:9-81
77        android:protectionLevel="signature" />
77-->[androidx.core:core:1.9.0] AndroidManifest.xml:24:9-44
78
79    <uses-permission android:name="com.cab2u.customer.DYNAMIC_RECEIVER_NOT_EXPORTED_PERMISSION" /> <!-- for android -->
79-->[androidx.core:core:1.9.0] AndroidManifest.xml:26:5-97
79-->[androidx.core:core:1.9.0] AndroidManifest.xml:26:22-94
80    <!-- <uses-permission android:name="com.android.launcher.permission.READ_SETTINGS"/> -->
81    <!-- <uses-permission android:name="com.android.launcher.permission.WRITE_SETTINGS"/> -->
82    <!-- <uses-permission android:name="com.android.launcher.permission.INSTALL_SHORTCUT" /> -->
83    <!-- <uses-permission android:name="com.android.launcher.permission.UNINSTALL_SHORTCUT" /> -->
84    <!-- for Samsung -->
85    <uses-permission android:name="com.sec.android.provider.badge.permission.READ" />
85-->[me.leolin:ShortcutBadger:1.1.22] AndroidManifest.xml:19:5-86
85-->[me.leolin:ShortcutBadger:1.1.22] AndroidManifest.xml:19:22-83
86    <uses-permission android:name="com.sec.android.provider.badge.permission.WRITE" /> <!-- for htc -->
86-->[me.leolin:ShortcutBadger:1.1.22] AndroidManifest.xml:20:5-87
86-->[me.leolin:ShortcutBadger:1.1.22] AndroidManifest.xml:20:22-84
87    <uses-permission android:name="com.htc.launcher.permission.READ_SETTINGS" />
87-->[me.leolin:ShortcutBadger:1.1.22] AndroidManifest.xml:23:5-81
87-->[me.leolin:ShortcutBadger:1.1.22] AndroidManifest.xml:23:22-78
88    <uses-permission android:name="com.htc.launcher.permission.UPDATE_SHORTCUT" /> <!-- for sony -->
88-->[me.leolin:ShortcutBadger:1.1.22] AndroidManifest.xml:24:5-83
88-->[me.leolin:ShortcutBadger:1.1.22] AndroidManifest.xml:24:22-80
89    <uses-permission android:name="com.sonyericsson.home.permission.BROADCAST_BADGE" />
89-->[me.leolin:ShortcutBadger:1.1.22] AndroidManifest.xml:27:5-88
89-->[me.leolin:ShortcutBadger:1.1.22] AndroidManifest.xml:27:22-85
90    <uses-permission android:name="com.sonymobile.home.permission.PROVIDER_INSERT_BADGE" /> <!-- for apex -->
90-->[me.leolin:ShortcutBadger:1.1.22] AndroidManifest.xml:28:5-92
90-->[me.leolin:ShortcutBadger:1.1.22] AndroidManifest.xml:28:22-89
91    <uses-permission android:name="com.anddoes.launcher.permission.UPDATE_COUNT" /> <!-- for solid -->
91-->[me.leolin:ShortcutBadger:1.1.22] AndroidManifest.xml:31:5-84
91-->[me.leolin:ShortcutBadger:1.1.22] AndroidManifest.xml:31:22-81
92    <uses-permission android:name="com.majeur.launcher.permission.UPDATE_BADGE" /> <!-- for huawei -->
92-->[me.leolin:ShortcutBadger:1.1.22] AndroidManifest.xml:34:5-83
92-->[me.leolin:ShortcutBadger:1.1.22] AndroidManifest.xml:34:22-80
93    <uses-permission android:name="com.huawei.android.launcher.permission.CHANGE_BADGE" />
93-->[me.leolin:ShortcutBadger:1.1.22] AndroidManifest.xml:37:5-91
93-->[me.leolin:ShortcutBadger:1.1.22] AndroidManifest.xml:37:22-88
94    <uses-permission android:name="com.huawei.android.launcher.permission.READ_SETTINGS" />
94-->[me.leolin:ShortcutBadger:1.1.22] AndroidManifest.xml:38:5-92
94-->[me.leolin:ShortcutBadger:1.1.22] AndroidManifest.xml:38:22-89
95    <uses-permission android:name="com.huawei.android.launcher.permission.WRITE_SETTINGS" /> <!-- for ZUK -->
95-->[me.leolin:ShortcutBadger:1.1.22] AndroidManifest.xml:39:5-93
95-->[me.leolin:ShortcutBadger:1.1.22] AndroidManifest.xml:39:22-90
96    <uses-permission android:name="android.permission.READ_APP_BADGE" /> <!-- for OPPO -->
96-->[me.leolin:ShortcutBadger:1.1.22] AndroidManifest.xml:42:5-73
96-->[me.leolin:ShortcutBadger:1.1.22] AndroidManifest.xml:42:22-70
97    <uses-permission android:name="com.oppo.launcher.permission.READ_SETTINGS" />
97-->[me.leolin:ShortcutBadger:1.1.22] AndroidManifest.xml:45:5-82
97-->[me.leolin:ShortcutBadger:1.1.22] AndroidManifest.xml:45:22-79
98    <uses-permission android:name="com.oppo.launcher.permission.WRITE_SETTINGS" /> <!-- for EvMe -->
98-->[me.leolin:ShortcutBadger:1.1.22] AndroidManifest.xml:46:5-83
98-->[me.leolin:ShortcutBadger:1.1.22] AndroidManifest.xml:46:22-80
99    <uses-permission android:name="me.everything.badger.permission.BADGE_COUNT_READ" />
99-->[me.leolin:ShortcutBadger:1.1.22] AndroidManifest.xml:49:5-88
99-->[me.leolin:ShortcutBadger:1.1.22] AndroidManifest.xml:49:22-85
100    <uses-permission android:name="me.everything.badger.permission.BADGE_COUNT_WRITE" />
100-->[me.leolin:ShortcutBadger:1.1.22] AndroidManifest.xml:50:5-89
100-->[me.leolin:ShortcutBadger:1.1.22] AndroidManifest.xml:50:22-86
101
102    <application
102-->src\main\AndroidManifest.xml:16:5-56:19
103        android:name="com.cab2u.customer.MainApplication"
103-->src\main\AndroidManifest.xml:17:7-38
104        android:allowBackup="false"
104-->src\main\AndroidManifest.xml:21:7-34
105        android:appComponentFactory="androidx.core.app.CoreComponentFactory"
105-->[androidx.core:core:1.9.0] AndroidManifest.xml:28:18-86
106        android:debuggable="true"
107        android:icon="@mipmap/ic_launcher"
107-->src\main\AndroidManifest.xml:19:7-41
108        android:label="@string/app_name"
108-->src\main\AndroidManifest.xml:18:7-39
109        android:networkSecurityConfig="@xml/network_security_config"
109-->src\main\AndroidManifest.xml:23:7-67
110        android:roundIcon="@mipmap/ic_launcher_round"
110-->src\main\AndroidManifest.xml:20:7-52
111        android:theme="@style/AppTheme"
111-->src\main\AndroidManifest.xml:22:7-38
112        android:usesCleartextTraffic="true" >
112-->src\main\AndroidManifest.xml:24:7-42
113        <activity
113-->src\debug\AndroidManifest.xml:11:9-111
114            android:name="com.facebook.react.devsupport.DevSettingsActivity"
114-->src\debug\AndroidManifest.xml:11:19-83
115            android:exported="false" />
115-->src\debug\AndroidManifest.xml:11:84-108
116
117        <meta-data
117-->src\main\AndroidManifest.xml:25:7-26:44
118            android:name="com.dieam.reactnativepushnotification.notification_foreground"
118-->src\main\AndroidManifest.xml:25:19-95
119            android:value="false" /> <!-- Change the resource name to your App's accent color - or any other color you want -->
119-->src\main\AndroidManifest.xml:26:21-42
120        <meta-data
120-->src\main\AndroidManifest.xml:28:7-29:52
121            android:name="com.dieam.reactnativepushnotification.notification_color"
121-->src\main\AndroidManifest.xml:28:19-90
122            android:resource="@color/white" /> <!-- or @android:color/{name} to use a standard color -->
122-->src\main\AndroidManifest.xml:29:19-50
123        <receiver
123-->src\main\AndroidManifest.xml:31:7-130
124            android:name="com.dieam.reactnativepushnotification.modules.RNPushNotificationActions"
124-->src\main\AndroidManifest.xml:31:41-127
125            android:exported="true" />
125-->src\main\AndroidManifest.xml:31:17-40
126        <receiver
126-->src\main\AndroidManifest.xml:32:7-132
127            android:name="com.dieam.reactnativepushnotification.modules.RNPushNotificationPublisher"
127-->src\main\AndroidManifest.xml:32:41-129
128            android:exported="true" />
128-->src\main\AndroidManifest.xml:32:17-40
129        <receiver
129-->src\main\AndroidManifest.xml:33:7-39:18
130            android:name="com.dieam.reactnativepushnotification.modules.RNPushNotificationBootEventReceiver"
130-->src\main\AndroidManifest.xml:33:41-137
131            android:exported="true" >
131-->src\main\AndroidManifest.xml:33:17-40
132            <intent-filter>
132-->src\main\AndroidManifest.xml:34:11-38:27
133                <action android:name="android.intent.action.BOOT_COMPLETED" />
133-->src\main\AndroidManifest.xml:35:15-77
133-->src\main\AndroidManifest.xml:35:23-74
134                <action android:name="android.intent.action.QUICKBOOT_POWERON" />
134-->src\main\AndroidManifest.xml:36:15-80
134-->src\main\AndroidManifest.xml:36:23-77
135                <action android:name="com.htc.intent.action.QUICKBOOT_POWERON" />
135-->src\main\AndroidManifest.xml:37:15-79
135-->src\main\AndroidManifest.xml:37:23-77
136            </intent-filter>
137        </receiver>
138
139        <meta-data
139-->src\main\AndroidManifest.xml:40:7-42:52
140            android:name="com.google.android.geo.API_KEY"
140-->src\main\AndroidManifest.xml:41:9-54
141            android:value="ENTER YOUR GOOGLE MAP KEY" />
141-->src\main\AndroidManifest.xml:42:9-50
142
143        <activity
143-->src\main\AndroidManifest.xml:43:7-55:18
144            android:name="com.cab2u.customer.MainActivity"
144-->src\main\AndroidManifest.xml:44:9-37
145            android:configChanges="keyboard|keyboardHidden|orientation|screenLayout|screenSize|smallestScreenSize|uiMode"
145-->src\main\AndroidManifest.xml:46:9-118
146            android:exported="true"
146-->src\main\AndroidManifest.xml:49:9-32
147            android:label="@string/app_name"
147-->src\main\AndroidManifest.xml:45:9-41
148            android:launchMode="singleTask"
148-->src\main\AndroidManifest.xml:47:9-40
149            android:windowSoftInputMode="adjustResize" >
149-->src\main\AndroidManifest.xml:48:9-51
150            <intent-filter>
150-->src\main\AndroidManifest.xml:50:9-54:25
151                <action android:name="android.intent.action.MAIN" />
151-->src\main\AndroidManifest.xml:51:13-65
151-->src\main\AndroidManifest.xml:51:21-62
152
153                <category android:name="android.intent.category.LAUNCHER" />
153-->src\main\AndroidManifest.xml:52:13-73
153-->src\main\AndroidManifest.xml:52:23-70
154
155                <action android:name="android.intent.action.DOWNLOAD_COMPLETE" />
155-->src\main\AndroidManifest.xml:53:13-77
155-->src\main\AndroidManifest.xml:53:21-75
156            </intent-filter>
157        </activity>
158
159        <meta-data
159-->[:react-native-firebase_app] AndroidManifest.xml:9:9-11:36
160            android:name="app_data_collection_default_enabled"
160-->[:react-native-firebase_app] AndroidManifest.xml:10:13-63
161            android:value="true" />
161-->[:react-native-firebase_app] AndroidManifest.xml:11:13-33
162
163        <service
163-->[:react-native-firebase_app] AndroidManifest.xml:13:9-21:19
164            android:name="com.google.firebase.components.ComponentDiscoveryService"
164-->[:react-native-firebase_app] AndroidManifest.xml:14:13-84
165            android:directBootAware="true"
165-->[:react-native-firebase_app] AndroidManifest.xml:15:13-43
166            android:exported="false" >
166-->[:react-native-firebase_app] AndroidManifest.xml:16:13-37
167            <meta-data
167-->[:react-native-firebase_app] AndroidManifest.xml:18:13-20:85
168                android:name="com.google.firebase.components:io.invertase.firebase.app.ReactNativeFirebaseAppRegistrar"
168-->[:react-native-firebase_app] AndroidManifest.xml:19:17-120
169                android:value="com.google.firebase.components.ComponentRegistrar" />
169-->[:react-native-firebase_app] AndroidManifest.xml:20:17-82
170            <meta-data
170-->[com.google.firebase:firebase-messaging:23.1.1] AndroidManifest.xml:55:13-57:85
171                android:name="com.google.firebase.components:com.google.firebase.messaging.FirebaseMessagingRegistrar"
171-->[com.google.firebase:firebase-messaging:23.1.1] AndroidManifest.xml:56:17-119
172                android:value="com.google.firebase.components.ComponentRegistrar" />
172-->[com.google.firebase:firebase-messaging:23.1.1] AndroidManifest.xml:57:17-82
173            <meta-data
173-->[com.google.firebase:firebase-database:20.1.0] AndroidManifest.xml:31:13-33:85
174                android:name="com.google.firebase.components:com.google.firebase.database.DatabaseRegistrar"
174-->[com.google.firebase:firebase-database:20.1.0] AndroidManifest.xml:32:17-109
175                android:value="com.google.firebase.components.ComponentRegistrar" />
175-->[com.google.firebase:firebase-database:20.1.0] AndroidManifest.xml:33:17-82
176            <meta-data
176-->[com.google.android.gms:play-services-measurement-api:21.2.0] AndroidManifest.xml:31:13-33:85
177                android:name="com.google.firebase.components:com.google.firebase.analytics.connector.internal.AnalyticsConnectorRegistrar"
177-->[com.google.android.gms:play-services-measurement-api:21.2.0] AndroidManifest.xml:32:17-139
178                android:value="com.google.firebase.components.ComponentRegistrar" />
178-->[com.google.android.gms:play-services-measurement-api:21.2.0] AndroidManifest.xml:33:17-82
179            <meta-data
179-->[com.google.firebase:firebase-datatransport:18.1.7] AndroidManifest.xml:27:13-29:85
180                android:name="com.google.firebase.components:com.google.firebase.datatransport.TransportRegistrar"
180-->[com.google.firebase:firebase-datatransport:18.1.7] AndroidManifest.xml:28:17-115
181                android:value="com.google.firebase.components.ComponentRegistrar" />
181-->[com.google.firebase:firebase-datatransport:18.1.7] AndroidManifest.xml:29:17-82
182            <meta-data
182-->[com.google.firebase:firebase-installations:17.1.0] AndroidManifest.xml:17:13-19:85
183                android:name="com.google.firebase.components:com.google.firebase.installations.FirebaseInstallationsRegistrar"
183-->[com.google.firebase:firebase-installations:17.1.0] AndroidManifest.xml:18:17-127
184                android:value="com.google.firebase.components.ComponentRegistrar" />
184-->[com.google.firebase:firebase-installations:17.1.0] AndroidManifest.xml:19:17-82
185        </service>
186
187        <provider
187-->[:react-native-firebase_app] AndroidManifest.xml:23:9-27:38
188            android:name="io.invertase.firebase.app.ReactNativeFirebaseAppInitProvider"
188-->[:react-native-firebase_app] AndroidManifest.xml:24:13-88
189            android:authorities="com.cab2u.customer.reactnativefirebaseappinitprovider"
189-->[:react-native-firebase_app] AndroidManifest.xml:25:13-86
190            android:exported="false"
190-->[:react-native-firebase_app] AndroidManifest.xml:26:13-37
191            android:initOrder="99" />
191-->[:react-native-firebase_app] AndroidManifest.xml:27:13-35
192        <provider
192-->[:react-native-image-picker] AndroidManifest.xml:8:9-16:20
193            android:name="com.imagepicker.ImagePickerProvider"
193-->[:react-native-image-picker] AndroidManifest.xml:9:13-63
194            android:authorities="com.cab2u.customer.imagepickerprovider"
194-->[:react-native-image-picker] AndroidManifest.xml:10:13-71
195            android:exported="false"
195-->[:react-native-image-picker] AndroidManifest.xml:11:13-37
196            android:grantUriPermissions="true" >
196-->[:react-native-image-picker] AndroidManifest.xml:12:13-47
197            <meta-data
197-->[:react-native-image-picker] AndroidManifest.xml:13:13-15:70
198                android:name="android.support.FILE_PROVIDER_PATHS"
198-->[:react-native-image-picker] AndroidManifest.xml:14:17-67
199                android:resource="@xml/imagepicker_provider_paths" />
199-->[:react-native-image-picker] AndroidManifest.xml:15:17-67
200        </provider>
201
202        <activity
202-->[:react-native-razorpay] AndroidManifest.xml:8:9-10:86
203            android:name="com.razorpay.CheckoutActivity"
203-->[:react-native-razorpay] AndroidManifest.xml:9:13-57
204            android:configChanges="keyboard|keyboardHidden|orientation|screenSize"
204-->[:react-native-razorpay] AndroidManifest.xml:10:13-83
205            android:exported="false"
205-->[com.razorpay:checkout:1.6.38] AndroidManifest.xml:54:13-37
206            android:theme="@style/CheckoutTheme" >
206-->[com.razorpay:checkout:1.6.38] AndroidManifest.xml:55:13-49
207            <intent-filter>
207-->[com.razorpay:checkout:1.6.38] AndroidManifest.xml:56:13-58:29
208                <action android:name="android.intent.action.MAIN" />
208-->src\main\AndroidManifest.xml:51:13-65
208-->src\main\AndroidManifest.xml:51:21-62
209            </intent-filter>
210        </activity>
211
212        <provider
212-->[:react-native-webview] AndroidManifest.xml:8:9-16:20
213            android:name="com.reactnativecommunity.webview.RNCWebViewFileProvider"
213-->[:react-native-webview] AndroidManifest.xml:9:13-83
214            android:authorities="com.cab2u.customer.fileprovider"
214-->[:react-native-webview] AndroidManifest.xml:10:13-64
215            android:exported="false"
215-->[:react-native-webview] AndroidManifest.xml:11:13-37
216            android:grantUriPermissions="true" >
216-->[:react-native-webview] AndroidManifest.xml:12:13-47
217            <meta-data
217-->[:react-native-image-picker] AndroidManifest.xml:13:13-15:70
218                android:name="android.support.FILE_PROVIDER_PATHS"
218-->[:react-native-image-picker] AndroidManifest.xml:14:17-67
219                android:resource="@xml/file_provider_paths" />
219-->[:react-native-image-picker] AndroidManifest.xml:15:17-67
220        </provider>
221        <provider
221-->[:rn-fetch-blob] AndroidManifest.xml:32:9-40:20
222            android:name="com.RNFetchBlob.Utils.FileProvider"
222-->[:rn-fetch-blob] AndroidManifest.xml:33:13-62
223            android:authorities="com.cab2u.customer.provider"
223-->[:rn-fetch-blob] AndroidManifest.xml:34:13-60
224            android:exported="false"
224-->[:rn-fetch-blob] AndroidManifest.xml:35:13-37
225            android:grantUriPermissions="true" >
225-->[:rn-fetch-blob] AndroidManifest.xml:36:13-47
226            <meta-data
226-->[:react-native-image-picker] AndroidManifest.xml:13:13-15:70
227                android:name="android.support.FILE_PROVIDER_PATHS"
227-->[:react-native-image-picker] AndroidManifest.xml:14:17-67
228                android:resource="@xml/provider_paths" />
228-->[:react-native-image-picker] AndroidManifest.xml:15:17-67
229        </provider>
230
231        <activity
231-->[com.stripe:paymentsheet:20.25.8] AndroidManifest.xml:8:9-12:58
232            android:name="com.stripe.android.paymentsheet.PaymentSheetActivity"
232-->[com.stripe:paymentsheet:20.25.8] AndroidManifest.xml:9:13-80
233            android:exported="false"
233-->[com.stripe:paymentsheet:20.25.8] AndroidManifest.xml:10:13-37
234            android:theme="@style/StripePaymentSheetDefaultTheme"
234-->[com.stripe:paymentsheet:20.25.8] AndroidManifest.xml:11:13-66
235            android:windowSoftInputMode="adjustResize" />
235-->[com.stripe:paymentsheet:20.25.8] AndroidManifest.xml:12:13-55
236        <activity
236-->[com.stripe:paymentsheet:20.25.8] AndroidManifest.xml:13:9-17:58
237            android:name="com.stripe.android.paymentsheet.PaymentOptionsActivity"
237-->[com.stripe:paymentsheet:20.25.8] AndroidManifest.xml:14:13-82
238            android:exported="false"
238-->[com.stripe:paymentsheet:20.25.8] AndroidManifest.xml:15:13-37
239            android:theme="@style/StripePaymentSheetDefaultTheme"
239-->[com.stripe:paymentsheet:20.25.8] AndroidManifest.xml:16:13-66
240            android:windowSoftInputMode="adjustResize" />
240-->[com.stripe:paymentsheet:20.25.8] AndroidManifest.xml:17:13-55
241        <activity
241-->[com.stripe:paymentsheet:20.25.8] AndroidManifest.xml:18:9-22:58
242            android:name="com.stripe.android.customersheet.CustomerSheetActivity"
242-->[com.stripe:paymentsheet:20.25.8] AndroidManifest.xml:19:13-82
243            android:exported="false"
243-->[com.stripe:paymentsheet:20.25.8] AndroidManifest.xml:20:13-37
244            android:theme="@style/StripePaymentSheetDefaultTheme"
244-->[com.stripe:paymentsheet:20.25.8] AndroidManifest.xml:21:13-66
245            android:windowSoftInputMode="adjustResize" />
245-->[com.stripe:paymentsheet:20.25.8] AndroidManifest.xml:22:13-55
246        <activity
246-->[com.stripe:paymentsheet:20.25.8] AndroidManifest.xml:23:9-26:69
247            android:name="com.stripe.android.paymentsheet.addresselement.AddressElementActivity"
247-->[com.stripe:paymentsheet:20.25.8] AndroidManifest.xml:24:13-97
248            android:exported="false"
248-->[com.stripe:paymentsheet:20.25.8] AndroidManifest.xml:25:13-37
249            android:theme="@style/StripePaymentSheetDefaultTheme" />
249-->[com.stripe:paymentsheet:20.25.8] AndroidManifest.xml:26:13-66
250        <activity
250-->[com.stripe:paymentsheet:20.25.8] AndroidManifest.xml:27:9-30:69
251            android:name="com.stripe.android.paymentsheet.paymentdatacollection.polling.PollingActivity"
251-->[com.stripe:paymentsheet:20.25.8] AndroidManifest.xml:28:13-105
252            android:exported="false"
252-->[com.stripe:paymentsheet:20.25.8] AndroidManifest.xml:29:13-37
253            android:theme="@style/StripePaymentSheetDefaultTheme" />
253-->[com.stripe:paymentsheet:20.25.8] AndroidManifest.xml:30:13-66
254        <activity
254-->[com.stripe:link:20.25.8] AndroidManifest.xml:8:9-13:61
255            android:name="com.stripe.android.link.LinkForegroundActivity"
255-->[com.stripe:link:20.25.8] AndroidManifest.xml:9:13-74
256            android:autoRemoveFromRecents="true"
256-->[com.stripe:link:20.25.8] AndroidManifest.xml:10:13-49
257            android:configChanges="orientation|keyboard|keyboardHidden|screenLayout|screenSize|smallestScreenSize"
257-->[com.stripe:link:20.25.8] AndroidManifest.xml:11:13-115
258            android:launchMode="singleTop"
258-->[com.stripe:link:20.25.8] AndroidManifest.xml:12:13-43
259            android:theme="@style/StripeTransparentTheme" />
259-->[com.stripe:link:20.25.8] AndroidManifest.xml:13:13-58
260        <activity
260-->[com.stripe:link:20.25.8] AndroidManifest.xml:14:9-31:20
261            android:name="com.stripe.android.link.LinkRedirectHandlerActivity"
261-->[com.stripe:link:20.25.8] AndroidManifest.xml:15:13-79
262            android:autoRemoveFromRecents="true"
262-->[com.stripe:link:20.25.8] AndroidManifest.xml:16:13-49
263            android:exported="true"
263-->[com.stripe:link:20.25.8] AndroidManifest.xml:17:13-36
264            android:launchMode="singleInstance"
264-->[com.stripe:link:20.25.8] AndroidManifest.xml:18:13-48
265            android:theme="@style/StripeTransparentTheme" >
265-->[com.stripe:link:20.25.8] AndroidManifest.xml:19:13-58